[debug] [2022-08-29T07:18:51.096Z] ----------------------------------------------------------------------
[debug] [2022-08-29T07:18:51.101Z] Command:       C:\Program Files\nodejs\node.exe C:\Users\shalini07061997\AppData\Roaming\npm\node_modules\firebase-tools\lib\bin\firebase.js init
[debug] [2022-08-29T07:18:51.103Z] CLI Version:   11.8.0
[debug] [2022-08-29T07:18:51.103Z] Platform:      win32
[debug] [2022-08-29T07:18:51.103Z] Node Version:  v17.0.0
[debug] [2022-08-29T07:18:51.106Z] Time:          Mon Aug 29 2022 12:48:51 GMT+0530 (India Standard Time)
[debug] [2022-08-29T07:18:51.106Z] ----------------------------------------------------------------------
[debug] 
[debug] [2022-08-29T07:18:51.253Z] > command requires scopes: ["email","openid","https://www.googleapis.com/auth/cloudplatformprojects.readonly","https://www.googleapis.com/auth/firebase","https://www.googleapis.com/auth/cloud-platform"]
[debug] [2022-08-29T07:18:51.254Z] > authorizing via signed-in user (shalini07061997@gmail.com)
[info] 
     ######## #### ########  ######## ########     ###     ######  ########
     ##        ##  ##     ## ##       ##     ##  ##   ##  ##       ##
     ######    ##  ########  ######   ########  #########  ######  ######
     ##        ##  ##    ##  ##       ##     ## ##     ##       ## ##
     ##       #### ##     ## ######## ########  ##     ##  ######  ########

You're about to initialize a Firebase project in this directory:

  C:\Users\shalini07061997\Desktop\Bajos-web-app

Before we get started, keep in mind:

  * You are initializing within an existing Firebase project directory

[info] 
=== Project Setup
[info] 
[info] First, let's associate this project directory with a Firebase project.
[info] You can create multiple project aliases by running firebase use --add, 
[info] but for now we'll just set up a default project.
[info] 
[debug] [2022-08-29T07:18:56.960Z] Using project from CLI flag: bajo-s
[debug] [2022-08-29T07:18:56.969Z] > refreshing access token with scopes: []
[debug] [2022-08-29T07:18:56.976Z] >>> [apiv2][query] POST https://www.googleapis.com/oauth2/v3/token [none]
[debug] [2022-08-29T07:18:56.976Z] >>> [apiv2][body] POST https://www.googleapis.com/oauth2/v3/token [omitted]
[debug] [2022-08-29T07:18:57.490Z] <<< [apiv2][status] POST https://www.googleapis.com/oauth2/v3/token 400
[debug] [2022-08-29T07:18:57.490Z] <<< [apiv2][body] POST https://www.googleapis.com/oauth2/v3/token [omitted]
[debug] [2022-08-29T07:18:57.491Z] >>> [apiv2][query] GET https://firebase.googleapis.com/v1beta1/projects/bajo-s [none]
[debug] [2022-08-29T07:18:57.778Z] <<< [apiv2][status] GET https://firebase.googleapis.com/v1beta1/projects/bajo-s 401
[debug] [2022-08-29T07:18:57.778Z] <<< [apiv2][body] GET https://firebase.googleapis.com/v1beta1/projects/bajo-s {"error":{"code":401,"message":"Request had invalid authentication credentials. Expected OAuth 2 access token, login cookie or other valid authentication credential. See https://developers.google.com/identity/sign-in/web/devconsole-project.","status":"UNAUTHENTICATED"}}
[debug] [2022-08-29T07:18:57.779Z] HTTP Error: 401, Request had invalid authentication credentials. Expected OAuth 2 access token, login cookie or other valid authentication credential. See https://developers.google.com/identity/sign-in/web/devconsole-project.
[debug] [2022-08-29T07:18:57.978Z] FirebaseError: HTTP Error: 401, Request had invalid authentication credentials. Expected OAuth 2 access token, login cookie or other valid authentication credential. See https://developers.google.com/identity/sign-in/web/devconsole-project.
    at responseToError (C:\Users\shalini07061997\AppData\Roaming\npm\node_modules\firebase-tools\lib\responseToError.js:49:12)
    at RetryOperation._fn (C:\Users\shalini07061997\AppData\Roaming\npm\node_modules\firebase-tools\lib\apiv2.js:288:77)
    at processTicksAndRejections (node:internal/process/task_queues:96:5)
[error] 
[error] Error: Failed to get Firebase project bajo-s. Please make sure the project exists and your account has permission to access it.
[debug] [2022-08-29T07:18:58.248Z] Error: EBUSY: resource busy or locked, rename 'C:\Users\shalini07061997\.config\configstore\firebase-tools.json.23662112' -> 'C:\Users\shalini07061997\.config\configstore\firebase-tools.json'
    at Object.renameSync (node:fs:980:3)
    at Function.writeFileSync [as sync] (C:\Users\shalini07061997\AppData\Roaming\npm\node_modules\firebase-tools\node_modules\write-file-atomic\index.js:244:8)
    at Configstore.set all [as all] (C:\Users\shalini07061997\AppData\Roaming\npm\node_modules\firebase-tools\node_modules\configstore\index.js:61:20)
    at Configstore.set (C:\Users\shalini07061997\AppData\Roaming\npm\node_modules\firebase-tools\node_modules\configstore\index.js:91:12)
    at process.<anonymous> (C:\Users\shalini07061997\AppData\Roaming\npm\node_modules\firebase-tools\lib\bin\firebase.js:104:35)
    at process.emit (node:events:402:35)
    at processEmit [as emit] (C:\Users\shalini07061997\AppData\Roaming\npm\node_modules\firebase-tools\node_modules\signal-exit\index.js:149:35)
    at process.exit (node:internal/process/per_thread:184:15)
    at Timeout._onTimeout (C:\Users\shalini07061997\AppData\Roaming\npm\node_modules\firebase-tools\lib\errorOut.js:20:17)
    at listOnTimeout (node:internal/timers:557:17)
    at processTimers (node:internal/timers:500:7)
[error] 
[error] Error: An unexpected error has occurred.
